# JRE version: OpenJDK Runtime Environment (13.0+33) (build 13+33)
# Java VM: OpenJDK 64-Bit Server VM (13+33, mixed mode, sharing, tiered, compressed oops, g1 gc, windows-amd64)
Heap:
 garbage-first heap   total 86016K, used 51115K [0x0000000709400000, 0x0000000800000000)
  region size 1024K, 28 young (28672K), 4 survivors (4096K)
 Metaspace       used 57780K, capacity 59377K, committed 59648K, reserved 1099776K
  class space    used 7821K, capacity 8413K, committed 8448K, reserved 1048576K
GC Heap History (20 events):
Event: 2.472 GC heap before
{Heap before GC invocations=6 (full 0):
 garbage-first heap   total 51200K, used 36097K [0x0000000709400000, 0x0000000800000000)
  region size 1024K, 24 young (24576K), 3 survivors (3072K)
 Metaspace       used 26707K, capacity 27747K, committed 27904K, reserved 1073152K
  class space    used 3599K, capacity 3993K, committed 4096K, reserved 1048576K
}
Event: 2.478 GC heap after
{Heap after GC invocations=7 (full 0):
 garbage-first heap   total 51200K, used 16513K [0x0000000709400000, 0x0000000800000000)
  region size 1024K, 1 young (1024K), 1 survivors (1024K)
 Metaspace       used 26707K, capacity 27747K, committed 27904K, reserved 1073152K
  class space    used 3599K, capacity 3993K, committed 4096K, reserved 1048576K
}
Event: 2.482 GC heap before
{Heap before GC invocations=7 (full 0):
 garbage-first heap   total 51200K, used 36993K [0x0000000709400000, 0x0000000800000000)
  region size 1024K, 22 young (22528K), 1 survivors (1024K)
 Metaspace       used 26707K, capacity 27747K, committed 27904K, reserved 1073152K
  class space    used 3599K, capacity 3993K, committed 4096K, reserved 1048576K
}
Event: 2.484 GC heap after
{Heap after GC invocations=8 (full 0):
 garbage-first heap   total 152576K, used 16638K [0x0000000709400000, 0x0000000800000000)
  region size 1024K, 1 young (1024K), 1 survivors (1024K)
 Metaspace       used 26707K, capacity 27747K, committed 27904K, reserved 1073152K
  class space    used 3599K, capacity 3993K, committed 4096K, reserved 1048576K
}
Event: 2.871 GC heap before
{Heap before GC invocations=8 (full 0):
 garbage-first heap   total 152576K, used 77054K [0x0000000709400000, 0x0000000800000000)
  region size 1024K, 61 young (62464K), 1 survivors (1024K)
 Metaspace       used 33404K, capacity 34517K, committed 34816K, reserved 1079296K
  class space    used 4624K, capacity 5035K, committed 5120K, reserved 1048576K
}
Event: 2.874 GC heap after
{Heap after GC invocations=9 (full 0):
 garbage-first heap   total 152576K, used 17841K [0x0000000709400000, 0x0000000800000000)
  region size 1024K, 3 young (3072K), 3 survivors (3072K)
 Metaspace       used 33404K, capacity 34517K, committed 34816K, reserved 1079296K
  class space    used 4624K, capacity 5035K, committed 5120K, reserved 1048576K
}
Event: 2.960 GC heap before
{Heap before GC invocations=9 (full 0):
 garbage-first heap   total 152576K, used 25009K [0x0000000709400000, 0x0000000800000000)
  region size 1024K, 11 young (11264K), 3 survivors (3072K)
 Metaspace       used 34671K, capacity 35754K, committed 35840K, reserved 1079296K
  class space    used 4753K, capacity 5170K, committed 5248K, reserved 1048576K
}
Event: 2.963 GC heap after
{Heap after GC invocations=10 (full 0):
 garbage-first heap   total 152576K, used 19326K [0x0000000709400000, 0x0000000800000000)
  region size 1024K, 4 young (4096K), 4 survivors (4096K)
 Metaspace       used 34671K, capacity 35754K, committed 35840K, reserved 1079296K
  class space    used 4753K, capacity 5170K, committed 5248K, reserved 1048576K
}
Event: 3.318 GC heap before
{Heap before GC invocations=11 (full 0):
 garbage-first heap   total 71680K, used 58238K [0x0000000709400000, 0x0000000800000000)
  region size 1024K, 42 young (43008K), 4 survivors (4096K)
 Metaspace       used 40388K, capacity 41446K, committed 41600K, reserved 1085440K
  class space    used 5513K, capacity 5934K, committed 6016K, reserved 1048576K
}
Event: 3.321 GC heap after
{Heap after GC invocations=12 (full 0):
 garbage-first heap   total 71680K, used 20788K [0x0000000709400000, 0x0000000800000000)
  region size 1024K, 5 young (5120K), 5 survivors (5120K)
 Metaspace       used 40388K, capacity 41446K, committed 41600K, reserved 1085440K
  class space    used 5513K, capacity 5934K, committed 6016K, reserved 1048576K
}
Event: 3.660 GC heap before
{Heap before GC invocations=12 (full 0):
 garbage-first heap   total 71680K, used 51508K [0x0000000709400000, 0x0000000800000000)
  region size 1024K, 35 young (35840K), 5 survivors (5120K)
 Metaspace       used 43474K, capacity 44630K, committed 44928K, reserved 1087488K
  class space    used 5999K, capacity 6434K, committed 6528K, reserved 1048576K
}
Event: 3.663 GC heap after
{Heap after GC invocations=13 (full 0):
 garbage-first heap   total 71680K, used 22063K [0x0000000709400000, 0x0000000800000000)
  region size 1024K, 3 young (3072K), 3 survivors (3072K)
 Metaspace       used 43474K, capacity 44630K, committed 44928K, reserved 1087488K
  class space    used 5999K, capacity 6434K, committed 6528K, reserved 1048576K
}
Event: 3.915 GC heap before
{Heap before GC invocations=13 (full 0):
 garbage-first heap   total 71680K, used 52783K [0x0000000709400000, 0x0000000800000000)
  region size 1024K, 33 young (33792K), 3 survivors (3072K)
 Metaspace       used 46694K, capacity 47973K, committed 48128K, reserved 1091584K
  class space    used 6410K, capacity 6907K, committed 6912K, reserved 1048576K
}
Event: 3.918 GC heap after
{Heap after GC invocations=14 (full 0):
 garbage-first heap   total 71680K, used 23744K [0x0000000709400000, 0x0000000800000000)
  region size 1024K, 3 young (3072K), 3 survivors (3072K)
 Metaspace       used 46694K, capacity 47973K, committed 48128K, reserved 1091584K
  class space    used 6410K, capacity 6907K, committed 6912K, reserved 1048576K
}
Event: 4.341 GC heap before
{Heap before GC invocations=14 (full 0):
 garbage-first heap   total 71680K, used 54464K [0x0000000709400000, 0x0000000800000000)
  region size 1024K, 33 young (33792K), 3 survivors (3072K)
 Metaspace       used 49531K, capacity 50868K, committed 51072K, reserved 1093632K
  class space    used 6735K, capacity 7249K, committed 7296K, reserved 1048576K
}
Event: 4.344 GC heap after
{Heap after GC invocations=15 (full 0):
 garbage-first heap   total 71680K, used 25135K [0x0000000709400000, 0x0000000800000000)
  region size 1024K, 3 young (3072K), 3 survivors (3072K)
 Metaspace       used 49531K, capacity 50868K, committed 51072K, reserved 1093632K
  class space    used 6735K, capacity 7249K, committed 7296K, reserved 1048576K
}
Event: 4.618 GC heap before
{Heap before GC invocations=15 (full 0):
 garbage-first heap   total 71680K, used 54831K [0x0000000709400000, 0x0000000800000000)
  region size 1024K, 32 young (32768K), 3 survivors (3072K)
 Metaspace       used 51761K, capacity 53159K, committed 53504K, reserved 1095680K
  class space    used 7038K, capacity 7558K, committed 7680K, reserved 1048576K
}
Event: 4.621 GC heap after
{Heap after GC invocations=16 (full 0):
 garbage-first heap   total 86016K, used 27340K [0x0000000709400000, 0x0000000800000000)
  region size 1024K, 4 young (4096K), 4 survivors (4096K)
 Metaspace       used 51761K, capacity 53159K, committed 53504K, reserved 1095680K
  class space    used 7038K, capacity 7558K, committed 7680K, reserved 1048576K
}
Event: 29.493 GC heap before
{Heap before GC invocations=16 (full 0):
 garbage-first heap   total 86016K, used 60108K [0x0000000709400000, 0x0000000800000000)
  region size 1024K, 37 young (37888K), 4 survivors (4096K)
 Metaspace       used 55767K, capacity 57265K, committed 57344K, reserved 1097728K
  class space    used 7570K, capacity 8140K, committed 8192K, reserved 1048576K
}
Event: 29.496 GC heap after
{Heap after GC invocations=17 (full 0):
 garbage-first heap   total 86016K, used 28587K [0x0000000709400000, 0x0000000800000000)
  region size 1024K, 4 young (4096K), 4 survivors (4096K)
 Metaspace       used 55767K, capacity 57265K, committed 57344K, reserved 1097728K
  class space    used 7570K, capacity 8140K, committed 8192K, reserved 1048576K
}

