# JRE version: OpenJDK Runtime Environment (13.0+33) (build 13+33)
# Java VM: OpenJDK 64-Bit Server VM (13+33, mixed mode, sharing, tiered, compressed oops, g1 gc, windows-amd64)
Heap:
 garbage-first heap   total 75776K, used 52773K [0x0000000709400000, 0x0000000800000000)
  region size 1024K, 29 young (29696K), 4 survivors (4096K)
 Metaspace       used 56180K, capacity 57672K, committed 57856K, reserved 1099776K
  class space    used 7598K, capacity 8170K, committed 8192K, reserved 1048576K
GC Heap History (20 events):
Event: 2.278 GC heap before
{Heap before GC invocations=4 (full 0):
 garbage-first heap   total 51200K, used 29665K [0x0000000709400000, 0x0000000800000000)
  region size 1024K, 25 young (25600K), 9 survivors (9216K)
 Metaspace       used 21834K, capacity 22627K, committed 22784K, reserved 1069056K
  class space    used 2996K, capacity 3278K, committed 3328K, reserved 1048576K
}
Event: 2.287 GC heap after
{Heap after GC invocations=5 (full 0):
 garbage-first heap   total 51200K, used 14254K [0x0000000709400000, 0x0000000800000000)
  region size 1024K, 3 young (3072K), 3 survivors (3072K)
 Metaspace       used 21834K, capacity 22627K, committed 22784K, reserved 1069056K
  class space    used 2996K, capacity 3278K, committed 3328K, reserved 1048576K
}
Event: 2.488 GC heap before
{Heap before GC invocations=5 (full 0):
 garbage-first heap   total 51200K, used 35758K [0x0000000709400000, 0x0000000800000000)
  region size 1024K, 24 young (24576K), 3 survivors (3072K)
 Metaspace       used 24187K, capacity 25061K, committed 25216K, reserved 1071104K
  class space    used 3293K, capacity 3608K, committed 3712K, reserved 1048576K
}
Event: 2.493 GC heap after
{Heap after GC invocations=6 (full 0):
 garbage-first heap   total 51200K, used 15587K [0x0000000709400000, 0x0000000800000000)
  region size 1024K, 3 young (3072K), 3 survivors (3072K)
 Metaspace       used 24187K, capacity 25061K, committed 25216K, reserved 1071104K
  class space    used 3293K, capacity 3608K, committed 3712K, reserved 1048576K
}
Event: 2.665 GC heap before
{Heap before GC invocations=6 (full 0):
 garbage-first heap   total 51200K, used 35043K [0x0000000709400000, 0x0000000800000000)
  region size 1024K, 23 young (23552K), 3 survivors (3072K)
 Metaspace       used 26637K, capacity 27651K, committed 27776K, reserved 1073152K
  class space    used 3591K, capacity 3961K, committed 3968K, reserved 1048576K
}
Event: 2.671 GC heap after
{Heap after GC invocations=7 (full 0):
 garbage-first heap   total 152576K, used 16755K [0x0000000709400000, 0x0000000800000000)
  region size 1024K, 2 young (2048K), 2 survivors (2048K)
 Metaspace       used 26637K, capacity 27651K, committed 27776K, reserved 1073152K
  class space    used 3591K, capacity 3961K, committed 3968K, reserved 1048576K
}
Event: 2.957 GC heap before
{Heap before GC invocations=7 (full 0):
 garbage-first heap   total 152576K, used 91507K [0x0000000709400000, 0x0000000800000000)
  region size 1024K, 76 young (77824K), 2 survivors (2048K)
 Metaspace       used 31089K, capacity 32207K, committed 32384K, reserved 1077248K
  class space    used 4244K, capacity 4670K, committed 4736K, reserved 1048576K
}
Event: 2.959 GC heap after
{Heap after GC invocations=8 (full 0):
 garbage-first heap   total 152576K, used 17944K [0x0000000709400000, 0x0000000800000000)
  region size 1024K, 3 young (3072K), 3 survivors (3072K)
 Metaspace       used 31089K, capacity 32207K, committed 32384K, reserved 1077248K
  class space    used 4244K, capacity 4670K, committed 4736K, reserved 1048576K
}
Event: 3.172 GC heap before
{Heap before GC invocations=8 (full 0):
 garbage-first heap   total 152576K, used 41496K [0x0000000709400000, 0x0000000800000000)
  region size 1024K, 27 young (27648K), 3 survivors (3072K)
 Metaspace       used 34673K, capacity 35754K, committed 35840K, reserved 1079296K
  class space    used 4753K, capacity 5170K, committed 5248K, reserved 1048576K
}
Event: 3.175 GC heap after
{Heap after GC invocations=9 (full 0):
 garbage-first heap   total 152576K, used 19675K [0x0000000709400000, 0x0000000800000000)
  region size 1024K, 5 young (5120K), 5 survivors (5120K)
 Metaspace       used 34673K, capacity 35754K, committed 35840K, reserved 1079296K
  class space    used 4753K, capacity 5170K, committed 5248K, reserved 1048576K
}
Event: 3.540 GC heap before
{Heap before GC invocations=10 (full 0):
 garbage-first heap   total 75776K, used 59611K [0x0000000709400000, 0x0000000800000000)
  region size 1024K, 44 young (45056K), 5 survivors (5120K)
 Metaspace       used 40508K, capacity 41606K, committed 41856K, reserved 1085440K
  class space    used 5543K, capacity 5966K, committed 6016K, reserved 1048576K
}
Event: 3.543 GC heap after
{Heap after GC invocations=11 (full 0):
 garbage-first heap   total 75776K, used 21226K [0x0000000709400000, 0x0000000800000000)
  region size 1024K, 5 young (5120K), 5 survivors (5120K)
 Metaspace       used 40508K, capacity 41606K, committed 41856K, reserved 1085440K
  class space    used 5543K, capacity 5966K, committed 6016K, reserved 1048576K
}
Event: 3.928 GC heap before
{Heap before GC invocations=11 (full 0):
 garbage-first heap   total 75776K, used 53994K [0x0000000709400000, 0x0000000800000000)
  region size 1024K, 37 young (37888K), 5 survivors (5120K)
 Metaspace       used 43665K, capacity 44809K, committed 44928K, reserved 1087488K
  class space    used 6025K, capacity 6473K, committed 6528K, reserved 1048576K
}
Event: 3.932 GC heap after
{Heap after GC invocations=12 (full 0):
 garbage-first heap   total 75776K, used 22817K [0x0000000709400000, 0x0000000800000000)
  region size 1024K, 4 young (4096K), 4 survivors (4096K)
 Metaspace       used 43665K, capacity 44809K, committed 44928K, reserved 1087488K
  class space    used 6025K, capacity 6473K, committed 6528K, reserved 1048576K
}
Event: 4.206 GC heap before
{Heap before GC invocations=12 (full 0):
 garbage-first heap   total 75776K, used 56609K [0x0000000709400000, 0x0000000800000000)
  region size 1024K, 37 young (37888K), 4 survivors (4096K)
 Metaspace       used 47758K, capacity 49149K, committed 49408K, reserved 1091584K
  class space    used 6528K, capacity 7041K, committed 7168K, reserved 1048576K
}
Event: 4.209 GC heap after
{Heap after GC invocations=13 (full 0):
 garbage-first heap   total 75776K, used 24253K [0x0000000709400000, 0x0000000800000000)
  region size 1024K, 4 young (4096K), 4 survivors (4096K)
 Metaspace       used 47758K, capacity 49149K, committed 49408K, reserved 1091584K
  class space    used 6528K, capacity 7041K, committed 7168K, reserved 1048576K
}
Event: 4.662 GC heap before
{Heap before GC invocations=13 (full 0):
 garbage-first heap   total 75776K, used 57021K [0x0000000709400000, 0x0000000800000000)
  region size 1024K, 36 young (36864K), 4 survivors (4096K)
 Metaspace       used 50178K, capacity 51568K, committed 51712K, reserved 1093632K
  class space    used 6814K, capacity 7331K, committed 7424K, reserved 1048576K
}
Event: 4.665 GC heap after
{Heap after GC invocations=14 (full 0):
 garbage-first heap   total 75776K, used 26125K [0x0000000709400000, 0x0000000800000000)
  region size 1024K, 4 young (4096K), 4 survivors (4096K)
 Metaspace       used 50178K, capacity 51568K, committed 51712K, reserved 1093632K
  class space    used 6814K, capacity 7331K, committed 7424K, reserved 1048576K
}
Event: 4.936 GC heap before
{Heap before GC invocations=14 (full 0):
 garbage-first heap   total 75776K, used 57869K [0x0000000709400000, 0x0000000800000000)
  region size 1024K, 35 young (35840K), 4 survivors (4096K)
 Metaspace       used 52884K, capacity 54303K, committed 54400K, reserved 1095680K
  class space    used 7202K, capacity 7723K, committed 7808K, reserved 1048576K
}
Event: 4.939 GC heap after
{Heap after GC invocations=15 (full 0):
 garbage-first heap   total 75776K, used 28197K [0x0000000709400000, 0x0000000800000000)
  region size 1024K, 4 young (4096K), 4 survivors (4096K)
 Metaspace       used 52884K, capacity 54303K, committed 54400K, reserved 1095680K
  class space    used 7202K, capacity 7723K, committed 7808K, reserved 1048576K
}

